C51 COMPILER V9.54   MAIN                                                                  04/20/2023 10:43:36 PAGE 1   


C51 COMPILER V9.54, COMPILATION OF MODULE MAIN
OBJECT MODULE PLACED IN .\Objects\main.obj
COMPILER INVOKED BY: D:\MDK\C51\BIN\C51.EXE main.c OPTIMIZE(8,SPEED) BROWSE INCDIR(.\HandWare;.\HandWare\key;.\HandWare\
                    -delay;.\HandWare\Digital_tube;.\HandWare\led;.\HandWare\produce_wave) DEBUG OBJECTEXTEND PRINT(.\Listings\main.lst) TABS
                    -(2) OBJECT(.\Objects\main.obj)

line level    source

   1          #include "reg51.h"
   2          #include <INTRINS.H>
   3          #include "led.h"
   4          #include "key.h"
   5          #include "delay.h"
   6          #include "Digital_tube.h"
   7          
   8          
   9          extern int Key1_status;
  10          extern int Key2_status;
  11          extern int key_time;
  12          
  13          sbit select1 = P3^5;
  14          sbit select2 = P3^6;
  15          sbit select3 = P3^7;
  16          
  17          void main()
  18          {
  19   1        //unchar code discodes[]={0xc0,0xf9,0xa4,0xb0,0x99,0x92,0x82,0xf8,0x80,0x90}; //  要改为共阴极数码管，带小
             -数点
  20   1        //unint r;
  21   1        key_Init();
  22   1        DA0832_Init();
*** WARNING C206 IN LINE 22 OF main.c: 'DA0832_Init': missing function-prototype
  23   1        //Square();
  24   1        
  25   1        while(1)
  26   1        {
  27   2            
  28   2          if(Key2_status == 1)
  29   2          {
  30   3            while(1)
  31   3            {
  32   4              Start_ADC0808();
  33   4              if(Key1_status == 1)
  34   4              {
  35   5                break;
  36   5              }
  37   4            } 
  38   3          }
  39   2          
  40   2          if(Key1_status == 1)
  41   2          {
  42   3            while(1)
  43   3            {
  44   4              switch(key_time)
  45   4              {
  46   5                case 1:
  47   5                {
  48   6                  do
  49   6                  {
  50   7                    SIN();
*** WARNING C206 IN LINE 50 OF main.c: 'SIN': missing function-prototype
C51 COMPILER V9.54   MAIN                                                                  04/20/2023 10:43:36 PAGE 2   

  51   7                    if(Key2_status == 1)
  52   7                  {
  53   8                    break;
  54   8                  }
  55   7                  }while(key_time == 1);
  56   6                }
  57   5                case 2:
  58   5                {
  59   6                  Square();
*** WARNING C206 IN LINE 59 OF main.c: 'Square': missing function-prototype
  60   6                  do
  61   6                  {
  62   7                    if(Key2_status == 1)
  63   7                  {
  64   8                    break;
  65   8                  };
  66   7                  }while(key_time == 2);
  67   6                }
  68   5              }
  69   4              Key1_status = 0;
  70   4              if(Key2_status == 1)
  71   4              {
  72   5                break;
  73   5              }
  74   4            }
  75   3              
  76   3          }
  77   2          
  78   2          
  79   2            
  80   2        }
  81   1          
  82   1      }
  83          
  84          /*
  85          
  86          
  87          
  88          if(key_time == 1)
  89                  {
  90                    SIN();
  91                  }
  92          */
  93          


MODULE INFORMATION:   STATIC OVERLAYABLE
   CODE SIZE        =     99    ----
   CONSTANT SIZE    =   ----    ----
   XDATA SIZE       =   ----    ----
   PDATA SIZE       =   ----    ----
   DATA SIZE        =   ----    ----
   IDATA SIZE       =   ----    ----
   BIT SIZE         =   ----    ----
END OF MODULE INFORMATION.


C51 COMPILATION COMPLETE.  3 WARNING(S),  0 ERROR(S)
