C51 COMPILER V9.54   TIMER                                                                 04/08/2023 07:34:30 PAGE 1   


C51 COMPILER V9.54, COMPILATION OF MODULE TIMER
OBJECT MODULE PLACED IN .\Objects\timer.obj
COMPILER INVOKED BY: D:\MDK\C51\BIN\C51.EXE HandWare\timer\timer.c OPTIMIZE(8,SPEED) BROWSE INCDIR(.\HandWare;.\HandWare
                    -\key;.\HandWare\timer;.\HandWare\delay;.\HandWare\Digital_tube;.\HandWare\led) DEBUG OBJECTEXTEND PRINT(.\Listings\timer
                    -.lst) TABS(2) OBJECT(.\Objects\timer.obj)

line level    source

   1          #include "reg51.h"
   2          #include "INTRINS.H"
   3          #include "timer.h"
   4          
   5          char i=100;
   6          int Add_value=0;
   7          int hour,minute,second;
   8          
   9          sbit LED = P2^7;
  10          
  11          void Timer_Init(void)
  12          {
  13   1        TMOD=0x01;  
  14   1        ET0=1;
  15   1        EA=1;
  16   1        TH0=(65536-1000)/256;
  17   1        TL0=(65536-1000)%256;
  18   1        PT0=0;
  19   1      }
  20          
  21          void Timer_setting(void)
  22          {
  23   1        
  24   1        TR0=1;
  25   1      }
  26          
  27          void int_T0() interrupt 1 //  先由定时器设置0.1ms的终端然后再延迟100次达到延迟0.1s的效果
  28          {
  29   1      
  30   1        TH0=(65536-1000)/256;
  31   1        TL0=(65536-1000)%256;
  32   1        i--;
  33   1        if(i<=0)
  34   1        {
  35   2          i=100;
  36   2          
  37   2        if(Add_value < 9)
  38   2        {
  39   3            Add_value++;
  40   3        }
  41   2        else if(second < 59)  //  计时秒 
  42   2        {
  43   3          second ++;
  44   3          Add_value = 0; 
  45   3        }
  46   2        else if(minute < 59)  // 计时分
  47   2        {
  48   3          minute ++ ;
  49   3          second = 0;
  50   3        }
  51   2        else if(hour < 59)  //  计算时
  52   2        {
  53   3          hour ++ ;
C51 COMPILER V9.54   TIMER                                                                 04/08/2023 07:34:30 PAGE 2   

  54   3          minute = 0;
  55   3        }
  56   2       }  
  57   1        
  58   1        if(minute  >= 1 && 2 > minute)
  59   1        {
  60   2          if(5 > second)
  61   2            LED =! LED;
  62   2        }
  63   1        else
  64   1        {
  65   2          LED = 1;
  66   2        }
  67   1        
  68   1      }
  69          
  70          


MODULE INFORMATION:   STATIC OVERLAYABLE
   CODE SIZE        =    212    ----
   CONSTANT SIZE    =   ----    ----
   XDATA SIZE       =   ----    ----
   PDATA SIZE       =   ----    ----
   DATA SIZE        =      9    ----
   IDATA SIZE       =   ----    ----
   BIT SIZE         =   ----    ----
END OF MODULE INFORMATION.


C51 COMPILATION COMPLETE.  0 WARNING(S),  0 ERROR(S)
