C51 COMPILER V9.54   DELAY                                                                 03/25/2023 08:52:33 PAGE 1   


C51 COMPILER V9.54, COMPILATION OF MODULE DELAY
OBJECT MODULE PLACED IN .\Objects\delay.obj
COMPILER INVOKED BY: D:\MDK\C51\BIN\C51.EXE HandWare\delay.c OPTIMIZE(8,SPEED) BROWSE INCDIR(.\HandWare;.\HandWare\key;.
                    -\HandWare\led) DEBUG OBJECTEXTEND PRINT(.\Listings\delay.lst) TABS(2) OBJECT(.\Objects\delay.obj)

line level    source

   1          #include "stdio.h"
   2          #include "delay.h"
   3          #include "reg51.h"
   4          
   5          void led_delay(unsigned int time)
   6          {
   7   1        unsigned int j;
   8   1        for(j=0;j<time;j++)
   9   1        {
  10   2          ;
  11   2        }
  12   1      }
  13          
  14          void main_delay(unsigned int time)  //主函数的延迟函数
  15          {
  16   1        unsigned int j;
  17   1        for(j=0;j<time;j++)
  18   1        {
  19   2          ;
  20   2        }
  21   1      }
  22          
  23          //void key_delay(void)
  24          //{
  25          //    uchar i;
  26          //    for(i=0;i<200;i++)
  27          //  {
  28          //    ;
  29          //  }
  30          //  
  31          //}
  32          
  33          


MODULE INFORMATION:   STATIC OVERLAYABLE
   CODE SIZE        =     36    ----
   CONSTANT SIZE    =   ----    ----
   XDATA SIZE       =   ----    ----
   PDATA SIZE       =   ----    ----
   DATA SIZE        =   ----    ----
   IDATA SIZE       =   ----    ----
   BIT SIZE         =   ----    ----
END OF MODULE INFORMATION.


C51 COMPILATION COMPLETE.  0 WARNING(S),  0 ERROR(S)
