C51 COMPILER V9.54   MAIN                                                                  03/25/2023 09:18:11 PAGE 1   


C51 COMPILER V9.54, COMPILATION OF MODULE MAIN
OBJECT MODULE PLACED IN .\Objects\main.obj
COMPILER INVOKED BY: D:\MDK\C51\BIN\C51.EXE main.c OPTIMIZE(8,SPEED) BROWSE INCDIR(.\HandWare;.\HandWare\key;.\HandWare\
                    -led) DEBUG OBJECTEXTEND PRINT(.\Listings\main.lst) TABS(2) OBJECT(.\Objects\main.obj)

line level    source

   1          #include "reg51.h"
   2          #include <INTRINS.H>
   3          #include "led.h"
   4          #include "key.h"
   5          #include "delay.h"
   6          
   7          unsigned char dis[7]={0xc0,0xf9,0xa4,0xb0,0x99,0x92,0x82};  
   8          
   9          void main()
  10          {
  11   1        static unsigned char key_value;
  12   1        unsigned int speed=10000;
  13   1        
  14   1      
  15   1        while(1)
  16   1        {
  17   2          
  18   2          P2=0xff;
  19   2          P0=dis[0];
  20   2          
  21   2          key_value=key_scan();
  22   2          
  23   2          
  24   2          switch(key_value)
  25   2          {
  26   3            case 1:
  27   3            {
  28   4              P0=dis[1];
  29   4              //left_led(key_value);
  30   4              while(1)
  31   4              {
  32   5                left_led();
  33   5                key_value=key_scan();
  34   5                if((key_value==2)||(key_value==3)||(key_value==4)||(key_value==5)||(key_value==6))
  35   5                {
  36   6                  break;
  37   6                }
  38   5              }
  39   4            }
  40   3            break;
  41   3            case 2:
  42   3            {
  43   4              P0=dis[2];
  44   4              while(1)
  45   4              {
  46   5                right_led();
  47   5                key_value=key_scan();
  48   5                if((key_value==5)||(key_value==3)||(key_value==4)||(key_value==1)||(key_value==6))
  49   5                {
  50   6                  break;
  51   6                }
  52   5              }
  53   4            }
  54   3            break;
C51 COMPILER V9.54   MAIN                                                                  03/25/2023 09:18:11 PAGE 2   

  55   3            case 3:
  56   3            {
  57   4              P0=dis[3];
  58   4              while(1)
  59   4              {
  60   5                blink();
  61   5                key_value=key_scan();
  62   5                if((key_value==2)||(key_value==5)||(key_value==4)||(key_value==1)||(key_value==6))
  63   5                {
  64   6                  break;
  65   6                }
  66   5              }
  67   4              
  68   4            }
  69   3            break;
  70   3            case 4:
  71   3            {
  72   4              P0=dis[4];
  73   4              //forward_flow_led();
  74   4              while(1)
  75   4              {
  76   5                forward_flow_led();
  77   5                key_value=key_scan();
  78   5                if((key_value==2)||(key_value==3)||(key_value==5)||(key_value==1)||(key_value==6))
  79   5                {
  80   6                  break;
  81   6                }
  82   5              }
  83   4            }
  84   3            break;
  85   3            case 5:
  86   3            {
  87   4              P0=dis[5];
  88   4              while(1)
  89   4              {
  90   5                speed=speed-100;
  91   5                control_speed_led(speed);
  92   5                key_value=key_scan();
  93   5                if((key_value==2)||(key_value==3)||(key_value==4)||(key_value==1)||(key_value==6))
  94   5                {
  95   6                  break;
  96   6                }
  97   5              }
  98   4            }
  99   3            break;
 100   3            case 6:
 101   3            {
 102   4              P0=dis[0];
 103   4              while(1)
 104   4              {
 105   5                reset_led();
 106   5                key_value=key_scan();
 107   5                if((key_value==2)||(key_value==3)||(key_value==4)||(key_value==1)||(key_value==6))
 108   5                {
 109   6                  break;
 110   6                }
 111   5              }
 112   4            }
 113   3            break;
 114   3            default:
 115   3            {
 116   4              P0=dis[0];
C51 COMPILER V9.54   MAIN                                                                  03/25/2023 09:18:11 PAGE 3   

 117   4              reset_led();
 118   4            }
 119   3          }   
 120   2          
 121   2          
 122   2          
 123   2          
 124   2        }
 125   1      }


MODULE INFORMATION:   STATIC OVERLAYABLE
   CODE SIZE        =    380    ----
   CONSTANT SIZE    =   ----    ----
   XDATA SIZE       =   ----    ----
   PDATA SIZE       =   ----    ----
   DATA SIZE        =      8       2
   IDATA SIZE       =   ----    ----
   BIT SIZE         =   ----    ----
END OF MODULE INFORMATION.


C51 COMPILATION COMPLETE.  0 WARNING(S),  0 ERROR(S)
