C51 COMPILER V9.54   DELAY                                                                 04/21/2023 20:48:29 PAGE 1   


C51 COMPILER V9.54, COMPILATION OF MODULE DELAY
OBJECT MODULE PLACED IN .\Objects\delay.obj
COMPILER INVOKED BY: D:\MDK\C51\BIN\C51.EXE HandWare\delay\delay.c OPTIMIZE(8,SPEED) BROWSE INCDIR(.\HandWare;.\HandWare
                    -\key;.\HandWare\delay;.\HandWare\Digital_tube;.\HandWare\led;.\HandWare\Motor;.\HandWare\timer) DEBUG OBJECTEXTEND PRINT
                    -(.\Listings\delay.lst) TABS(2) OBJECT(.\Objects\delay.obj)

line level    source

   1          #include "stdio.h"
   2          #include "delay.h"
   3          #include "reg51.h"
   4          #include <INTRINS.H>
   5          
   6          void delay(uint j)
   7          {
   8   1        for(;j>0;j--)
   9   1        {
  10   2          _nop_();
  11   2        }
  12   1      }
  13          
  14          
  15          void key_delay(unsigned int time)
  16          {
  17   1        
  18   1        while(time--)
  19   1        {
  20   2          ;
  21   2        }
  22   1      }
  23          
  24          void delay_1ms(unsigned int count)
  25          {
  26   1        uint i,j;
  27   1        for(i = 0;i < count;i++)
  28   1        for(j = 0;j < 120 ;j++);
  29   1      }
  30          
  31          
  32          


MODULE INFORMATION:   STATIC OVERLAYABLE
   CODE SIZE        =     61    ----
   CONSTANT SIZE    =   ----    ----
   XDATA SIZE       =   ----    ----
   PDATA SIZE       =   ----    ----
   DATA SIZE        =   ----    ----
   IDATA SIZE       =   ----    ----
   BIT SIZE         =   ----    ----
END OF MODULE INFORMATION.


C51 COMPILATION COMPLETE.  0 WARNING(S),  0 ERROR(S)
