C51 COMPILER V9.54   DIGITAL_TUBE                                                          04/21/2023 20:48:30 PAGE 1   


C51 COMPILER V9.54, COMPILATION OF MODULE DIGITAL_TUBE
OBJECT MODULE PLACED IN .\Objects\Digital_tube.obj
COMPILER INVOKED BY: D:\MDK\C51\BIN\C51.EXE HandWare\Digital_tube\Digital_tube.c OPTIMIZE(8,SPEED) BROWSE INCDIR(.\HandW
                    -are;.\HandWare\key;.\HandWare\delay;.\HandWare\Digital_tube;.\HandWare\led;.\HandWare\Motor;.\HandWare\timer) DEBUG OBJE
                    -CTEXTEND PRINT(.\Listings\Digital_tube.lst) TABS(2) OBJECT(.\Objects\Digital_tube.obj)

line level    source

   1          #include "reg51.h"
   2          #include <INTRINS.H>
   3          #include "Digital_tube.h"
   4          #include "delay.h"
   5          
   6          sbit sel1 = P2^0;
   7          sbit sel2 = P2^1;
   8          int i,num1,num2;
   9          
  10          uchar code table[10]={0x3f,0x06,0x5b,0x4f,0x66,0x6d,0x7d,0x07,0x7f,0x6f};
  11          
  12          void show(int num)
  13          {
  14   1        
  15   1        num1 = num / 10;
  16   1        num2 = num % 10;
  17   1        
  18   1        for(i = 0;i < 2;i ++)
  19   1        {
  20   2          if(i == 0)
  21   2          {
  22   3            sel1 = 0;
  23   3            sel2 = 1;
  24   3            P0 = table[num1];
  25   3            delay(100);
  26   3            P0=0x0;
  27   3          }
  28   2          if(i == 1)
  29   2          {
  30   3            sel1 = 1;
  31   3            sel2 = 0;
  32   3            P0 = table[num2];
  33   3            delay(100);
  34   3            P0=0x0;
  35   3          }
  36   2        }
  37   1          
  38   1      }
  39          
  40          


MODULE INFORMATION:   STATIC OVERLAYABLE
   CODE SIZE        =    129    ----
   CONSTANT SIZE    =     10    ----
   XDATA SIZE       =   ----    ----
   PDATA SIZE       =   ----    ----
   DATA SIZE        =      6    ----
   IDATA SIZE       =   ----    ----
   BIT SIZE         =   ----    ----
END OF MODULE INFORMATION.


C51 COMPILATION COMPLETE.  0 WARNING(S),  0 ERROR(S)
