C51 COMPILER V9.54   MOTOR                                                                 04/22/2023 09:11:29 PAGE 1   


C51 COMPILER V9.54, COMPILATION OF MODULE MOTOR
OBJECT MODULE PLACED IN .\Objects\motor.obj
COMPILER INVOKED BY: D:\MDK\C51\BIN\C51.EXE HandWare\Motor\motor.c OPTIMIZE(8,SPEED) BROWSE INCDIR(.\HandWare;.\HandWare
                    -\key;.\HandWare\delay;.\HandWare\Digital_tube;.\HandWare\led;.\HandWare\Motor;.\HandWare\timer) DEBUG OBJECTEXTEND PRINT
                    -(.\Listings\motor.lst) TABS(2) OBJECT(.\Objects\motor.obj)

line level    source

   1          #include "reg51.h"
   2          #include <INTRINS.H>
   3          #include "motor.h"
   4          #include "delay.h"
   5          
   6          sbit DIR = P3^0;
   7          sbit PWM = P3^1;
   8          
   9          int High_width = 50;
  10          
  11          void Motor_Start(void)
  12          {
  13   1               DIR=0;
  14   1               PWM=1;
  15   1               delay(High_width);
  16   1               PWM=0;
  17   1               delay(100-High_width);
  18   1      }
  19          
  20          void Motor_Stop(void)
  21          {
  22   1               DIR=1;
  23   1               PWM=1;
  24   1      }
  25          
  26          void Motor_Back(void)
  27          {
  28   1               DIR=1;
  29   1               PWM=0;
  30   1               delay(High_width);
  31   1               DIR=0;
  32   1               delay(100-High_width);
  33   1      }
  34          
  35          
  36          


MODULE INFORMATION:   STATIC OVERLAYABLE
   CODE SIZE        =     57    ----
   CONSTANT SIZE    =   ----    ----
   XDATA SIZE       =   ----    ----
   PDATA SIZE       =   ----    ----
   DATA SIZE        =      2    ----
   IDATA SIZE       =   ----    ----
   BIT SIZE         =   ----    ----
END OF MODULE INFORMATION.


C51 COMPILATION COMPLETE.  0 WARNING(S),  0 ERROR(S)
