C51 COMPILER V9.54   TIMER                                                                 04/22/2023 09:29:56 PAGE 1   


C51 COMPILER V9.54, COMPILATION OF MODULE TIMER
OBJECT MODULE PLACED IN .\Objects\timer.obj
COMPILER INVOKED BY: D:\MDK\C51\BIN\C51.EXE HandWare\timer\timer.c OPTIMIZE(8,SPEED) BROWSE INCDIR(.\HandWare;.\HandWare
                    -\key;.\HandWare\delay;.\HandWare\Digital_tube;.\HandWare\led;.\HandWare\Motor;.\HandWare\timer) DEBUG OBJECTEXTEND PRINT
                    -(.\Listings\timer.lst) TABS(2) OBJECT(.\Objects\timer.obj)

line level    source

   1          #include "reg51.h"
   2          #include "INTRINS.H"
   3          #include "timer.h"
   4          
   5          int Start;
   6          int c = 0;
   7            
   8          void Timer_Init(void)
   9          {
  10   1        TMOD=0x01;  
  11   1        ET0=1;
  12   1        EA=1;
  13   1        TH0=(65536-50000)/256;
  14   1        TL0=(65536-50000)%256;
  15   1        PT0=0;
  16   1      }
  17          
  18          void int_T0() interrupt 1 
  19          {
  20   1      
  21   1        TH0=(65536-50000)/256;
  22   1        TL0=(65536-50000)%256;
  23   1        c++;
  24   1        if(c == 100)
  25   1        {
  26   2          Start = 1;
  27   2          c = 0;
  28   2          TR0 = 0;
  29   2        }
  30   1        
  31   1        
  32   1      }
  33          
  34          


MODULE INFORMATION:   STATIC OVERLAYABLE
   CODE SIZE        =     52    ----
   CONSTANT SIZE    =   ----    ----
   XDATA SIZE       =   ----    ----
   PDATA SIZE       =   ----    ----
   DATA SIZE        =      4    ----
   IDATA SIZE       =   ----    ----
   BIT SIZE         =   ----    ----
END OF MODULE INFORMATION.


C51 COMPILATION COMPLETE.  0 WARNING(S),  0 ERROR(S)
