C51 COMPILER V9.54   KEY                                                                   04/08/2023 09:22:56 PAGE 1   


C51 COMPILER V9.54, COMPILATION OF MODULE KEY
OBJECT MODULE PLACED IN .\Objects\key.obj
COMPILER INVOKED BY: D:\MDK\C51\BIN\C51.EXE HandWare\key\key.c OPTIMIZE(8,SPEED) BROWSE INCDIR(.\HandWare;.\HandWare\key
                    -;.\HandWare\timer;.\HandWare\delay;.\HandWare\Digital_tube;.\HandWare\led) DEBUG OBJECTEXTEND PRINT(.\Listings\key.lst) 
                    -TABS(2) OBJECT(.\Objects\key.obj)

line level    source

   1          #include "stdio.h"
   2          #include "reg51.h"
   3          #include "INTRINS.H"
   4          #include "key.h"
   5          #include "delay.h"
   6          
   7          int Key1_status = 0;
   8          int Key2_status = 0;
   9          int key_time;
  10          
  11          sbit KEY1 = P2^0;
  12          sbit KEY2 = P2^1;
  13          sbit KEY3 = P2^2;
  14          sbit KEY4 = P2^4;
  15          
  16          void key_Init(void)
  17          {
  18   1        EA=1;
  19   1        EX0=1;
  20   1        EX1=1;
  21   1        IT0=1;
  22   1        IT1=1;
  23   1        PX1=1;
  24   1        PX0=1;
  25   1      }
  26          
  27          /*
  28            通过这个函数我们控制年月日的增减，当按键3按下时，我们根据按下的次数控制是改变左边的还是右边数码管的值：1 
             -左，2 右，3 左
  29            按键1按下就是增加值，按键2按下就是减少值，然后我们根据按键4按下的次数选择是改变年，月，日：1 年，2 月，3 
             -日
  30          */
  31          unsigned int key_scan(void)
  32          {
  33   1        
  34   1          P2=0xff;
  35   1        if((P2 && 0xfe)!=0xfe)
  36   1        {
  37   2              key_delay(5000);
  38   2          if((P2 && 0xfe)!=0xfe)
  39   2          {
  40   3              if(KEY1 == 0)
  41   3            {
  42   4                return 1; // 增加
  43   4            }
  44   3            else if(KEY2 == 0)
  45   3            {
  46   4              return 2; //  减少
  47   4            }
  48   3            else if(KEY3 == 0)    //    改变两个数码管的哪一边
  49   3            {
  50   4              return 3;
  51   4            }
C51 COMPILER V9.54   KEY                                                                   04/08/2023 09:22:56 PAGE 2   

  52   3            else if(KEY4 == 0)  //  改变哪一个日期
  53   3            {
  54   4              return 4;
  55   4            }
  56   3            else 
  57   3            {
  58   4              return 0;
  59   4            }
  60   3          }
  61   2        
  62   2        }
  63   1        
  64   1      }
  65          
  66          void int0() interrupt 0 
  67          {
  68   1        Key1_status = 1;
  69   1        key_time++;
  70   1      }
  71          
  72          void int1() interrupt 2
  73          {
  74   1        Key2_status = 1;
  75   1      }
*** WARNING C291 IN LINE 64 OF HandWare\key\key.c: not every exit path returns a value


MODULE INFORMATION:   STATIC OVERLAYABLE
   CODE SIZE        =    123    ----
   CONSTANT SIZE    =   ----    ----
   XDATA SIZE       =   ----    ----
   PDATA SIZE       =   ----    ----
   DATA SIZE        =      6    ----
   IDATA SIZE       =   ----    ----
   BIT SIZE         =   ----    ----
END OF MODULE INFORMATION.


C51 COMPILATION COMPLETE.  1 WARNING(S),  0 ERROR(S)
