C51 COMPILER V9.54   LCD                                                                   03/23/2023 16:35:48 PAGE 1   


C51 COMPILER V9.54, COMPILATION OF MODULE LCD
OBJECT MODULE PLACED IN .\Objects\lcd.obj
COMPILER INVOKED BY: D:\MDK\C51\BIN\C51.EXE HandWare\lcd.c OPTIMIZE(8,SPEED) BROWSE INCDIR(.\HandWare;.\HandWare\key;.\H
                    -andWare\led) DEBUG OBJECTEXTEND PRINT(.\Listings\lcd.lst) TABS(2) OBJECT(.\Objects\lcd.obj)

line level    source

   1          #include "stdio.h"
   2          #include "reg51.h"
   3          #include "INTRINS.H"
   4          #include "lcd.h"
   5          


MODULE INFORMATION:   STATIC OVERLAYABLE
   CODE SIZE        =   ----    ----
   CONSTANT SIZE    =   ----    ----
   XDATA SIZE       =   ----    ----
   PDATA SIZE       =   ----    ----
   DATA SIZE        =   ----    ----
   IDATA SIZE       =   ----    ----
   BIT SIZE         =   ----    ----
END OF MODULE INFORMATION.


C51 COMPILATION COMPLETE.  0 WARNING(S),  0 ERROR(S)
