C51 COMPILER V9.54   LED                                                                   04/02/2023 20:13:35 PAGE 1   


C51 COMPILER V9.54, COMPILATION OF MODULE LED
OBJECT MODULE PLACED IN .\Objects\led.obj
COMPILER INVOKED BY: D:\MDK\C51\BIN\C51.EXE HandWare\led\led.c OPTIMIZE(8,SPEED) BROWSE INCDIR(.\HandWare;.\HandWare\key
                    -;.\HandWare\timer;.\HandWare\delay;.\HandWare\Digital_tube;.\HandWare\led) DEBUG OBJECTEXTEND PRINT(.\Listings\led.lst) 
                    -TABS(2) OBJECT(.\Objects\led.obj)

line level    source

   1          #include "stdio.h"
   2          #include "reg51.h"
   3          #include "INTRINS.H"
   4          #include "led.h"
   5          #include "delay.h"
   6          
   7          
   8          
   9          void forward_flow_led(void)
  10          {
  11   1        unsigned int i;
  12   1        P2=0xfe;
  13   1        for(i=0;i<8;i++)
  14   1        {
  15   2          led_delay(10000);
  16   2          P2=_crol_(P2,1);
  17   2        }
  18   1        
  19   1      }
  20          
  21          void left_led(void)
  22          {
  23   1        
  24   1          P2=0x0f;
  25   1          led_delay(10000);
  26   1          P2=0xf0;
  27   1          led_delay(10000);
  28   1          
  29   1      }
  30          
  31          void blink(void)
  32          {
  33   1        P2=0xff;
  34   1        led_delay(10000);
  35   1        P2=0x00;
  36   1        led_delay(10000);
  37   1      }
  38          
  39          void right_led(void)
  40          {
  41   1          P2=0xf0;
  42   1          led_delay(10000);
  43   1          P2=0x0f;
  44   1          led_delay(10000);
  45   1      }
  46          
  47          void reset_led(void)
  48          {
  49   1        P2=0xff;
  50   1      }
  51          
  52          void control_speed_led(unsigned int speed)
  53          {
C51 COMPILER V9.54   LED                                                                   04/02/2023 20:13:35 PAGE 2   

  54   1        unsigned int i;
  55   1        P2=0xfe;
  56   1      
  57   1        for(i=0;i<8;i++)
  58   1        {
  59   2          led_delay(speed);
  60   2          P2=_crol_(P2,1);
  61   2        }
  62   1      }


MODULE INFORMATION:   STATIC OVERLAYABLE
   CODE SIZE        =    160    ----
   CONSTANT SIZE    =   ----    ----
   XDATA SIZE       =   ----    ----
   PDATA SIZE       =   ----    ----
   DATA SIZE        =   ----       6
   IDATA SIZE       =   ----    ----
   BIT SIZE         =   ----    ----
END OF MODULE INFORMATION.


C51 COMPILATION COMPLETE.  0 WARNING(S),  0 ERROR(S)
